<?xml version="1.0" encoding="UTF-8"?>
<!-- Generated by org.testng.reporters.JUnitReportReporter -->
<testsuite hostname="NITISH" failures="0" tests="3" name="testingBaba_Wadgets_Tests.Auto_Complete_Tests" time="8.259" errors="0" timestamp="2024-12-29T16:13:57 IST" skipped="0">
  <testcase classname="testingBaba_Wadgets_Tests.Auto_Complete_Tests" name="closetowidgets" time="6.314"/>
  <system-out/>
  <testcase classname="testingBaba_Wadgets_Tests.Auto_Complete_Tests" name="sendcountry" time="1.576"/>
  <system-out/>
  <testcase classname="testingBaba_Wadgets_Tests.Auto_Complete_Tests" name="auto" time="0.369"/>
  <system-out/>
</testsuite> <!-- testingBaba_Wadgets_Tests.Auto_Complete_Tests -->
