<?xml version="1.0" encoding="UTF-8"?>
<!-- Generated by org.testng.reporters.JUnitReportReporter -->
<testsuite hostname="NITISH" failures="0" tests="3" name="testingBaba_Wadgets_Tests.Date_Picker_Tests" time="5.415" errors="0" timestamp="2024-12-29T16:35:03 IST" skipped="0">
  <testcase classname="testingBaba_Wadgets_Tests.Date_Picker_Tests" name="closetowidgets" time="5.005"/>
  <system-out/>
  <testcase classname="testingBaba_Wadgets_Tests.Date_Picker_Tests" name="pickdateandtime" time="0.181"/>
  <system-out/>
  <testcase classname="testingBaba_Wadgets_Tests.Date_Picker_Tests" name="pickdate" time="0.229"/>
  <system-out/>
</testsuite> <!-- testingBaba_Wadgets_Tests.Date_Picker_Tests -->
