<?xml version="1.0" encoding="UTF-8"?>
<!-- Generated by org.testng.reporters.JUnitReportReporter -->
<testsuite hostname="NITISH" failures="0" tests="4" name="testing_Baba_Tests.Progress_Bar_Tests" time="7.132" errors="0" timestamp="2025-01-14T12:28:29 IST" skipped="0">
  <testcase classname="testing_Baba_Tests.Progress_Bar_Tests" name="closetowidgets" time="6.373"/>
  <system-out/>
  <testcase classname="testing_Baba_Tests.Progress_Bar_Tests" name="progessbtn" time="0.344"/>
  <system-out/>
  <testcase classname="testing_Baba_Tests.Progress_Bar_Tests" name="clickonstartbtn" time="0.164"/>
  <system-out/>
  <testcase classname="testing_Baba_Tests.Progress_Bar_Tests" name="checking" time="0.251"/>
  <system-out/>
</testsuite> <!-- testing_Baba_Tests.Progress_Bar_Tests -->
