<?xml version="1.0" encoding="UTF-8"?>
<!-- Generated by org.testng.reporters.JUnitReportReporter -->
<testsuite hostname="NITISH" failures="0" tests="2" name="testing_Baba_Tests.Slider_Test" time="52.449" errors="0" timestamp="2025-01-09T19:35:30 IST" skipped="0">
  <testcase classname="testing_Baba_Tests.Slider_Test" name="closetowidgets" time="51.985"/>
  <system-out/>
  <testcase classname="testing_Baba_Tests.Slider_Test" name="slider" time="0.464"/>
  <system-out/>
</testsuite> <!-- testing_Baba_Tests.Slider_Test -->
